============================= test session starts ==============================
platform linux -- Python 3.12.13, pytest-9.1.1, pluggy-1.6.0 -- /app/.venv/bin/python
cachedir: .pytest_cache
rootdir: /app
configfile: pyproject.toml
testpaths: tests
plugins: cov-7.1.0, anyio-4.14.1, asyncio-1.4.0
asyncio: mode=Mode.AUTO, debug=False, asyncio_default_fixture_loop_scope=None, asyncio_default_test_loop_scope=function
collecting ... collected 654 items

tests/unit/cli/test_admin.py::test_create_admin_success PASSED           [  0%]
tests/unit/cli/test_admin.py::test_create_admin_already_exists PASSED    [  0%]
tests/unit/cli/test_admin.py::test_reset_password_success PASSED         [  0%]
tests/unit/cli/test_admin.py::test_reset_password_not_found PASSED       [  0%]
tests/unit/cli/test_admin.py::test_main_create_admin PASSED              [  0%]
tests/unit/cli/test_admin.py::test_main_reset_password PASSED            [  0%]
tests/unit/cli/test_admin.py::test_main_no_args PASSED                   [  1%]
tests/unit/core/test_sudo_ops.py::test_run_sudo_empty_command PASSED     [  1%]
tests/unit/core/test_sudo_ops.py::test_run_sudo_not_allowed_command PASSED [  1%]
tests/unit/core/test_sudo_ops.py::test_run_sudo_success PASSED           [  1%]
tests/unit/core/test_sudo_ops.py::test_run_sudo_with_stderr PASSED       [  1%]
tests/unit/core/test_sudo_ops.py::test_run_sudo_empty_output PASSED      [  1%]
tests/unit/routes/app_routes/test_main.py::test_apps_list_unauthenticated PASSED [  1%]
tests/unit/routes/app_routes/test_main.py::test_apps_list_authenticated PASSED [  2%]
tests/unit/routes/app_routes/test_main.py::test_app_detail_not_found PASSED [  2%]
tests/unit/routes/app_routes/test_main.py::test_app_detail_main_domain PASSED [  2%]
tests/unit/routes/app_routes/test_main.py::test_deploy_from_repo_requires_login PASSED [  2%]
tests/unit/routes/app_routes/test_ops.py::test_restart_authenticated PASSED [  2%]
tests/unit/routes/app_routes/test_ops.py::test_stop_authenticated PASSED [  2%]
tests/unit/routes/app_routes/test_ops.py::test_delete_authenticated PASSED [  3%]
tests/unit/routes/app_routes/test_ops.py::test_status_authenticated PASSED [  3%]
tests/unit/routes/app_routes/test_ops.py::test_update_authenticated PASSED [  3%]
tests/unit/routes/app_routes/test_ops.py::test_containers_requires_login PASSED [  3%]
tests/unit/routes/app_routes/test_ops.py::test_env_get_authenticated PASSED [  3%]
tests/unit/routes/app_routes/test_ops.py::test_clone_authenticated PASSED [  3%]
tests/unit/routes/app_routes/test_ops.py::test_backup_restore_authenticated PASSED [  3%]
tests/unit/routes/app_routes/test_ops.py::test_backup_run_authenticated PASSED [  4%]
tests/unit/routes/app_routes/test_ops.py::test_files_list_authenticated PASSED [  4%]
tests/unit/routes/app_routes/test_ops.py::test_files_view_authenticated PASSED [  4%]
tests/unit/routes/app_routes/test_ops.py::test_terminal_requires_login PASSED [  4%]
tests/unit/routes/app_routes/test_ops.py::test_terminal_get_authenticated PASSED [  4%]
tests/unit/routes/app_routes/test_ops.py::test_env_post_authenticated PASSED [  4%]
tests/unit/routes/app_routes/test_wordpress.py::test_wp_flush_cache_requires_login PASSED [  5%]
tests/unit/routes/app_routes/test_wordpress.py::test_wp_update_plugins_requires_login PASSED [  5%]
tests/unit/routes/app_routes/test_wordpress.py::test_wp_update_core_requires_login PASSED [  5%]
tests/unit/routes/app_routes/test_wordpress.py::test_wp_auto_login_requires_login PASSED [  5%]
tests/unit/routes/app_routes/test_wordpress.py::test_wp_proxy_requires_login PASSED [  5%]
tests/unit/routes/app_routes/test_wordpress.py::test_proxy_service_requires_login PASSED [  5%]
tests/unit/routes/app_routes/test_wordpress.py::test_wp_fix_url_requires_login PASSED [  5%]
tests/unit/routes/app_routes/test_wordpress.py::test_fix_wp_site_url_calls_docker PASSED [  6%]
tests/unit/routes/test_auth_routes.py::TestLoginPage::test_login_page_renders PASSED [  6%]
tests/unit/routes/test_auth_routes.py::TestLoginPage::test_login_page_redirects_if_authenticated PASSED [  6%]
tests/unit/routes/test_auth_routes.py::TestLoginPost::test_login_invalid_credentials PASSED [  6%]
tests/unit/routes/test_auth_routes.py::TestLoginPost::test_login_valid_credentials_no_totp PASSED [  6%]
tests/unit/routes/test_auth_routes.py::TestLoginPost::test_login_totp_required PASSED [  6%]
tests/unit/routes/test_auth_routes.py::TestLoginPost::test_login_totp_invalid_code PASSED [  7%]
tests/unit/routes/test_auth_routes.py::TestLoginPost::test_login_valid_totp PASSED [  7%]
tests/unit/routes/test_auth_routes.py::TestLogout::test_logout_no_cookie PASSED [  7%]
tests/unit/routes/test_auth_routes.py::TestLogout::test_logout_with_invalid_cookie PASSED [  7%]
tests/unit/routes/test_auth_routes.py::TestLogout::test_logout_with_valid_session PASSED [  7%]
tests/unit/routes/test_auth_routes.py::TestSetup2FA::test_setup_2fa_unauthenticated PASSED [  7%]
tests/unit/routes/test_auth_routes.py::TestSetup2FA::test_setup_2fa_authenticated PASSED [  7%]
tests/unit/routes/test_auth_routes.py::TestSetup2FA::test_setup_2fa_enable_invalid_code PASSED [  8%]
tests/unit/routes/test_auth_routes.py::TestSetup2FA::test_setup_2fa_enable_success PASSED [  8%]
tests/unit/routes/test_containers_route.py::test_get_containers_data_cancels_docker_task_when_database_fails PASSED [  8%]
tests/unit/routes/test_containers_route.py::test_get_containers_data_cancels_database_task_when_docker_fails PASSED [  8%]
tests/unit/routes/test_dashboard.py::test_disk_usage PASSED              [  8%]
tests/unit/routes/test_dashboard.py::test_disk_usage_exception PASSED    [  8%]
tests/unit/routes/test_dashboard.py::test_server_hostname PASSED         [  9%]
tests/unit/routes/test_dashboard.py::test_server_hostname_fallback PASSED [  9%]
tests/unit/routes/test_dashboard.py::test_server_hostname_exception PASSED [  9%]
tests/unit/routes/test_dashboard.py::test_cpu_usage PASSED               [  9%]
tests/unit/routes/test_dashboard.py::test_cpu_usage_cap_100 PASSED       [  9%]
tests/unit/routes/test_dashboard.py::test_cpu_usage_exception PASSED     [  9%]
tests/unit/routes/test_dashboard.py::test_ram_usage PASSED               [  9%]
tests/unit/routes/test_dashboard.py::test_ram_usage_exception PASSED     [ 10%]
tests/unit/routes/test_dashboard_web.py::test_dashboard_redirects_to_login PASSED [ 10%]
tests/unit/routes/test_dashboard_web.py::test_dashboard_authenticated PASSED [ 10%]
tests/unit/routes/test_dashboard_web.py::test_dashboard_authenticated_with_data PASSED [ 10%]
tests/unit/routes/test_dashboard_web.py::test_dashboard_no_user PASSED   [ 10%]
tests/unit/routes/test_dashboard_web.py::test_dashboard_with_db_mock PASSED [ 10%]
tests/unit/routes/test_debug.py::test_file_checksum_success PASSED       [ 11%]
tests/unit/routes/test_debug.py::test_file_checksum_large_file PASSED    [ 11%]
tests/unit/routes/test_debug.py::test_file_checksum_missing_file PASSED  [ 11%]
tests/unit/routes/test_debug.py::test_file_checksum_empty_file PASSED    [ 11%]
tests/unit/routes/test_debug_api.py::test_verify_token_missing PASSED    [ 11%]
tests/unit/routes/test_debug_api.py::test_verify_token_not_configured PASSED [ 11%]
tests/unit/routes/test_debug_api.py::test_verify_token_invalid PASSED    [ 11%]
tests/unit/routes/test_debug_api.py::test_verify_token_success PASSED    [ 12%]
tests/unit/routes/test_debug_api.py::test_verify_token_empty_file PASSED [ 12%]
tests/unit/routes/test_debug_api.py::test_run_success PASSED             [ 12%]
tests/unit/routes/test_debug_api.py::test_run_empty PASSED               [ 12%]
tests/unit/routes/test_debug_api.py::test_run_exception PASSED           [ 12%]
tests/unit/routes/test_debug_api.py::test_run_timeout PASSED             [ 12%]
tests/unit/routes/test_debug_api.py::test_debug_logs PASSED              [ 12%]
tests/unit/routes/test_debug_api.py::test_debug_logs_info PASSED         [ 13%]
tests/unit/routes/test_debug_api.py::test_debug_certs PASSED             [ 13%]
tests/unit/routes/test_debug_api.py::test_debug_system PASSED            [ 13%]
tests/unit/routes/test_debug_api.py::test_debug_errors PASSED            [ 13%]
tests/unit/routes/test_debug_api.py::test_debug_errors_clamps_lines PASSED [ 13%]
tests/unit/routes/test_debug_api.py::test_debug_caddy_logs PASSED        [ 13%]
tests/unit/routes/test_debug_api.py::test_debug_docker_ps PASSED         [ 14%]
tests/unit/routes/test_debug_api.py::test_debug_docker_logs_validates_container_name PASSED [ 14%]
tests/unit/routes/test_debug_api.py::test_container_name_accepts_valid[web] PASSED [ 14%]
tests/unit/routes/test_debug_api.py::test_container_name_accepts_valid[nginx-prod_1] PASSED [ 14%]
tests/unit/routes/test_debug_api.py::test_container_name_accepts_valid[container.dev-1] PASSED [ 14%]
tests/unit/routes/test_debug_api.py::test_container_name_accepts_valid[a] PASSED [ 14%]
tests/unit/routes/test_debug_api.py::test_container_name_accepts_valid[A1.b-c] PASSED [ 14%]
tests/unit/routes/test_debug_api.py::test_container_name_rejects_invalid[] PASSED [ 15%]
tests/unit/routes/test_debug_api.py::test_container_name_rejects_invalid[-bad] PASSED [ 15%]
tests/unit/routes/test_debug_api.py::test_container_name_rejects_invalid[a;rm] PASSED [ 15%]
tests/unit/routes/test_debug_api.py::test_container_name_rejects_invalid[a b] PASSED [ 15%]
tests/unit/routes/test_debug_api.py::test_container_name_rejects_invalid[a/b] PASSED [ 15%]
tests/unit/routes/test_debug_api.py::test_container_name_rejects_invalid[a$b] PASSED [ 15%]
tests/unit/routes/test_debug_api.py::test_container_name_rejects_invalid[a|b] PASSED [ 16%]
tests/unit/routes/test_debug_api.py::test_container_name_rejects_invalid[aaaaaaaaaaaaaaaaaaaaaaaaaaaaaaaaaaaaaaaaaaaaaaaaaaaaaaaaaaaaaaaaa] PASSED [ 16%]
tests/unit/routes/test_debug_api.py::test_debug_docker_logs_calls_command PASSED [ 16%]
tests/unit/routes/test_debug_api.py::test_debug_upstreams_returns_payload PASSED [ 16%]
tests/unit/routes/test_debug_api.py::test_audit_writes_line_without_token PASSED [ 16%]
tests/unit/routes/test_debug_api.py::test_audit_falls_back_to_tmp_when_primary_unwritable PASSED [ 16%]
tests/unit/routes/test_debug_api.py::test_audit_swallows_total_failure_without_raising PASSED [ 16%]
tests/unit/routes/test_debug_api.py::test_debug_audit_reads_back PASSED  [ 17%]
tests/unit/routes/test_debug_api.py::test_debug_audit_missing_file PASSED [ 17%]
tests/unit/routes/test_debug_api.py::test_debug_docker_stats_all PASSED  [ 17%]
tests/unit/routes/test_debug_api.py::test_debug_docker_stats_single_container PASSED [ 17%]
tests/unit/routes/test_debug_api.py::test_debug_docker_stats_validates_container_name PASSED [ 17%]
tests/unit/routes/test_debug_api.py::test_debug_doctor_aggregates_health PASSED [ 17%]
tests/unit/routes/test_debug_api.py::test_rotate_token_writes_new_file PASSED [ 18%]
tests/unit/routes/test_debug_api.py::test_rotate_token_rejects_wrong_current_token PASSED [ 18%]
tests/unit/routes/test_debug_api.py::test_rotate_token_rejects_short_new_token PASSED [ 18%]
tests/unit/routes/test_debug_api.py::test_verify_token_accepts_grace_period PASSED [ 18%]
tests/unit/routes/test_debug_api.py::test_verify_token_rejects_expired_grace PASSED [ 18%]
tests/unit/routes/test_debug_api.py::test_tail_ws_authenticates_then_streams PASSED [ 18%]
tests/unit/routes/test_debug_api.py::test_tail_ws_rejects_missing_token PASSED [ 18%]
tests/unit/routes/test_debug_api.py::test_tail_ws_rejects_invalid_service_name PASSED [ 19%]
tests/unit/routes/test_security_ddos.py::test_security_ddos_status_unauthorized PASSED [ 19%]
tests/unit/routes/test_security_ddos.py::test_security_ddos_status_active PASSED [ 19%]
tests/unit/routes/test_security_ddos.py::test_security_ddos_status_inactive PASSED [ 19%]
tests/unit/routes/test_security_ddos.py::test_security_ddos_enable_success PASSED [ 19%]
tests/unit/routes/test_security_ddos.py::test_security_ddos_enable_sudoers_fail PASSED [ 19%]
tests/unit/routes/test_security_ddos.py::test_security_ddos_enable_with_errors PASSED [ 20%]
tests/unit/routes/test_security_ddos.py::test_security_ddos_disable PASSED [ 20%]
tests/unit/routes/test_security_ddos.py::test_security_ddos_block_ip_success PASSED [ 20%]
tests/unit/routes/test_security_ddos.py::test_security_ddos_block_ip_invalid PASSED [ 20%]
tests/unit/routes/test_security_ddos.py::test_security_ddos_block_ip_fail PASSED [ 20%]
tests/unit/routes/test_security_ddos.py::test_security_ddos_unblock_ip_success PASSED [ 20%]
tests/unit/routes/test_security_ddos.py::test_security_ddos_unblock_ip_invalid PASSED [ 20%]
tests/unit/routes/test_security_ddos.py::test_security_ddos_unblock_ip_fail PASSED [ 21%]
tests/unit/routes/test_security_ddos.py::test_security_ddos_top_connections PASSED [ 21%]
tests/unit/routes/test_security_ddos.py::test_security_ddos_top_connections_fallback PASSED [ 21%]
tests/unit/routes/test_security_ddos.py::test_security_ddos_top_connections_empty PASSED [ 21%]
tests/unit/routes/test_security_ddos.py::test_security_protect_all PASSED [ 21%]
tests/unit/routes/test_security_ddos.py::test_security_protect_all_fail PASSED [ 21%]
tests/unit/routes/test_security_ddos.py::test_internal_ensure_sudoers PASSED [ 22%]
tests/unit/routes/test_security_ddos.py::test_internal_ensure_sudoers_no_password PASSED [ 22%]
tests/unit/routes/test_security_ddos.py::test_internal_ensure_sudoers_with_password PASSED [ 22%]
tests/unit/routes/test_security_ddos.py::test_internal_ensure_sudoers_with_password_fail PASSED [ 22%]
tests/unit/routes/test_security_ddos.py::test_internal_iptables PASSED   [ 22%]
tests/unit/routes/test_security_ddos.py::test_internal_is_shield_active PASSED [ 22%]
tests/unit/routes/test_security_ddos.py::test_internal_is_shield_active_no_file PASSED [ 22%]
tests/unit/routes/test_security_ddos.py::test_internal_enable_shield PASSED [ 23%]
tests/unit/routes/test_security_ddos.py::test_internal_enable_shield_error PASSED [ 23%]
tests/unit/routes/test_security_ddos.py::test_internal_disable_shield PASSED [ 23%]
tests/unit/routes/test_security_ddos.py::test_security_ddos_enable_exception PASSED [ 23%]
tests/unit/routes/test_security_ddos.py::test_security_ddos_disable_unauthorized PASSED [ 23%]
tests/unit/routes/test_security_ddos.py::test_security_ddos_block_ip_unauthorized PASSED [ 23%]
tests/unit/routes/test_security_ddos.py::test_security_ddos_unblock_ip_unauthorized PASSED [ 24%]
tests/unit/routes/test_security_ddos.py::test_security_ddos_top_connections_unauthorized PASSED [ 24%]
tests/unit/routes/test_security_ddos.py::test_security_protect_all_unauthorized PASSED [ 24%]
tests/unit/routes/test_security_ddos.py::test_security_ddos_enable_unauthorized PASSED [ 24%]
tests/unit/routes/test_security_ddos.py::test_security_protect_all_fail_shield PASSED [ 24%]
tests/unit/routes/test_security_route.py::test_security_ban_ip PASSED    [ 24%]
tests/unit/routes/test_security_route.py::test_security_ban_ip_invalid PASSED [ 24%]
tests/unit/routes/test_security_route.py::test_security_unban PASSED     [ 25%]
tests/unit/routes/test_security_route.py::test_security_blocklist_page PASSED [ 25%]
tests/unit/routes/test_security_route.py::test_security_blocklist_import PASSED [ 25%]
tests/unit/routes/test_security_route.py::test_fail2ban_enable PASSED    [ 25%]
tests/unit/routes/test_security_route.py::test_fail2ban_enable_unauthorized PASSED [ 25%]
tests/unit/routes/test_security_route.py::test_abuseipdb_blacklist_no_key PASSED [ 25%]
tests/unit/routes/test_security_route.py::test_abuseipdb_blacklist_with_data PASSED [ 25%]
tests/unit/routes/test_security_route.py::test_abuseipdb_blacklist_empty PASSED [ 26%]
tests/unit/routes/test_security_route.py::test_abuseipdb_check PASSED    [ 26%]
tests/unit/routes/test_security_route.py::test_abuseipdb_check_missing_params PASSED [ 26%]
tests/unit/routes/test_security_route.py::test_abuseipdb_check_error PASSED [ 26%]
tests/unit/routes/test_security_route.py::test_security_firewall_enable PASSED [ 26%]
tests/unit/routes/test_security_route.py::test_security_firewall_disable PASSED [ 26%]
tests/unit/routes/test_security_route.py::test_security_firewall_rule_add PASSED [ 27%]
tests/unit/routes/test_security_route.py::test_security_firewall_rule_delete PASSED [ 27%]
tests/unit/routes/test_security_route.py::test_security_fail2ban_config PASSED [ 27%]
tests/unit/routes/test_security_route.py::test_security_clamav_toggle_low_memory PASSED [ 27%]
tests/unit/routes/test_security_route.py::test_security_clamav_toggle_success PASSED [ 27%]
tests/unit/routes/test_security_route.py::test_security_lynis_audit PASSED [ 27%]
tests/unit/routes/test_security_route.py::test_security_lynis_report PASSED [ 27%]
tests/unit/routes/test_security_route.py::test_security_fail2ban_get_config PASSED [ 28%]
tests/unit/routes/test_settings.py::test_settings_page_unauthenticated PASSED [ 28%]
tests/unit/routes/test_settings.py::test_settings_page_authenticated PASSED [ 28%]
tests/unit/routes/test_settings.py::test_settings_update_unauthenticated PASSED [ 28%]
tests/unit/routes/test_settings.py::test_settings_update_existing_settings PASSED [ 28%]
tests/unit/routes/test_settings.py::test_settings_update_new_settings PASSED [ 28%]
tests/unit/routes/test_settings.py::test_settings_update_empty_panel PASSED [ 29%]
tests/unit/routes/test_settings.py::test_settings_update_invalid_base_domain PASSED [ 29%]
tests/unit/routes/test_settings.py::test_settings_update_invalid_panel_subdomain PASSED [ 29%]
tests/unit/routes/test_settings.py::test_audit_log_unauthenticated PASSED [ 29%]
tests/unit/routes/test_settings.py::test_audit_log_authenticated PASSED  [ 29%]
tests/unit/test_app.py::test_internal_lifespan_creates_cancels_task PASSED [ 29%]
tests/unit/test_app_manager.py::test_deploy_template_directory_traversal PASSED [ 29%]
tests/unit/test_app_manager.py::test_deploy_template_invalid_subdomain PASSED [ 30%]
tests/unit/test_app_manager.py::test_delete_app_invalid_subdomain PASSED [ 30%]
tests/unit/test_app_manager.py::test_deploy_template_unknown_stack PASSED [ 30%]
tests/unit/test_app_manager.py::test_deploy_template_success PASSED      [ 30%]
tests/unit/test_app_manager_edge.py::test_delete_app_exception PASSED    [ 30%]
tests/unit/test_app_manager_edge.py::test_get_template_info_success PASSED [ 30%]
tests/unit/test_app_manager_edge.py::test_get_template_info_not_exists PASSED [ 31%]
tests/unit/test_app_manager_edge.py::test_get_template_info_invalid_json PASSED [ 31%]
tests/unit/test_auth.py::TestSessionAuth::test_get_serializer PASSED     [ 31%]
tests/unit/test_auth.py::TestSessionAuth::test_get_serializer_returns_cached_instance PASSED [ 31%]
tests/unit/test_auth.py::TestSessionAuth::test_get_serializer_empty_secret PASSED [ 31%]
tests/unit/test_auth.py::TestSessionAuth::test_create_and_verify_token PASSED [ 31%]
tests/unit/test_auth.py::TestSessionAuth::test_invalid_token_rejected PASSED [ 31%]
tests/unit/test_auth.py::TestSessionAuth::test_token_hash_consistency PASSED [ 32%]
tests/unit/test_auth.py::TestSessionAuth::test_validate_session PASSED   [ 32%]
tests/unit/test_auth.py::TestSessionAuth::test_revoke_session PASSED     [ 32%]
tests/unit/test_auth.py::TestAppFactory::test_create_app PASSED          [ 32%]
tests/unit/test_auth.py::TestAppFactory::test_app_health_endpoint PASSED [ 32%]
tests/unit/test_auth.py::TestSessionRecords::test_create_session_record PASSED [ 32%]
tests/unit/test_backup.py::test_get_db_service_info_postgres PASSED      [ 33%]
tests/unit/test_backup.py::test_get_db_service_info_mysql PASSED         [ 33%]
tests/unit/test_backup.py::test_get_db_service_info_invalid_yaml PASSED  [ 33%]
tests/unit/test_backup.py::test_get_db_service_info_no_services PASSED   [ 33%]
tests/unit/test_backup.py::test_perform_app_backup_no_db PASSED          [ 33%]
tests/unit/test_backup.py::test_perform_app_backup_postgres PASSED       [ 33%]
tests/unit/test_backup.py::test_perform_app_backup_mysql PASSED          [ 33%]
tests/unit/test_backup.py::test_perform_app_backup_exception PASSED      [ 34%]
tests/unit/test_backup.py::test_scheduled_backup_loop_disabled PASSED    [ 34%]
tests/unit/test_backup.py::test_scheduled_backup_loop_enabled PASSED     [ 34%]
tests/unit/test_backup.py::test_scheduled_backup_loop_exception PASSED   [ 34%]
tests/unit/test_blocklist.py::test_fetch_blocklist_success PASSED        [ 34%]
tests/unit/test_blocklist.py::test_fetch_blocklist_cache PASSED          [ 34%]
tests/unit/test_blocklist.py::test_fetch_blocklist_cache_expired PASSED  [ 35%]
tests/unit/test_blocklist.py::test_fetch_blocklist_http_error PASSED     [ 35%]
tests/unit/test_blocklist.py::test_fetch_blocklist_exception PASSED      [ 35%]
tests/unit/test_blocklist.py::test_daily_blocklist_import PASSED         [ 35%]
tests/unit/test_blocklist.py::test_daily_blocklist_import_disabled PASSED [ 35%]
tests/unit/test_blocklist.py::test_daily_blocklist_import_exception PASSED [ 35%]
tests/unit/test_blocklist.py::test_fetch_blocklist_unauthorized_url PASSED [ 35%]
tests/unit/test_bug_analyzer.py::test_classify_log_line_ignores_static_resource_noise PASSED [ 36%]
tests/unit/test_bug_analyzer.py::test_classify_log_line_detects_real_exception_group PASSED [ 36%]
tests/unit/test_bug_analyzer.py::test_group_log_issues_deduplicates_by_fingerprint PASSED [ 36%]
tests/unit/test_bug_analyzer.py::test_analyze_system_logs_success PASSED [ 36%]
tests/unit/test_bug_analyzer.py::test_analyze_system_logs_journalctl_failure PASSED [ 36%]
tests/unit/test_bug_analyzer.py::test_analyze_system_logs_exception PASSED [ 36%]
tests/unit/test_caddy.py::TestMainDomain::test_add_main_domain PASSED    [ 37%]
tests/unit/test_caddy.py::TestMainDomain::test_add_main_domain_default_port PASSED [ 37%]
tests/unit/test_caddy.py::TestMainDomain::test_remove_main_domain PASSED [ 37%]
tests/unit/test_caddy.py::test_get_certificates_api_success PASSED       [ 37%]
tests/unit/test_caddy.py::test_get_certificates_handles_api_error PASSED [ 37%]
tests/unit/test_caddy.py::test_save_api_token_new_file PASSED            [ 37%]
tests/unit/test_caddy.py::test_save_api_token_existing_file PASSED       [ 37%]
tests/unit/test_caddy.py::test_save_api_token_existing_var PASSED        [ 38%]
tests/unit/test_caddy.py::test_save_api_token_permission_error PASSED    [ 38%]
tests/unit/test_caddy.py::test_generate_and_reload_success PASSED        [ 38%]
tests/unit/test_caddy.py::test_generate_and_reload_validate_fails PASSED [ 38%]
tests/unit/test_caddy.py::test_generate_and_reload_validate_not_found PASSED [ 38%]
tests/unit/test_caddy.py::test_generate_and_reload_reload_fails PASSED   [ 38%]
tests/unit/test_caddy.py::test_generate_and_reload_permission_error PASSED [ 38%]
tests/unit/test_caddy.py::test_get_managed_domains_success PASSED        [ 39%]
tests/unit/test_caddy.py::test_get_managed_domains_not_200 PASSED        [ 39%]
tests/unit/test_caddy.py::test_check_certs_via_openssl_success PASSED    [ 39%]
tests/unit/test_caddy.py::test_check_certs_via_openssl_exception PASSED  [ 39%]
tests/unit/test_caddy.py::test_renew_certificate_success PASSED          [ 39%]
tests/unit/test_caddy.py::test_renew_certificate_get_fails PASSED        [ 39%]
tests/unit/test_caddy.py::test_renew_certificate_exception PASSED        [ 40%]
tests/unit/test_caddy.py::test_auto_renew_certificates PASSED            [ 40%]
tests/unit/test_caddy_edge.py::test_get_certificates_api_exception PASSED [ 40%]
tests/unit/test_caddy_edge.py::test_renew_certificate_timeout PASSED     [ 40%]
tests/unit/test_caddy_edge.py::test_renew_certificate_post_exception PASSED [ 40%]
tests/unit/test_caddy_edge.py::test_renew_certificate_post_raise_for_status PASSED [ 40%]
tests/unit/test_caddy_edge.py::test_generate_and_reload_permission_error PASSED [ 40%]
tests/unit/test_caddy_edge.py::test_generate_and_reload_subprocess_failure PASSED [ 41%]
tests/unit/test_caddy_edge.py::test_generate_and_reload_validation_failure PASSED [ 41%]
tests/unit/test_caddy_edge.py::test_generate_and_reload_success PASSED   [ 41%]
tests/unit/test_caddy_edge.py::test_generate_and_reload_exception PASSED [ 41%]
tests/unit/test_config.py::TestSettings::test_defaults PASSED            [ 41%]
tests/unit/test_config.py::TestSettings::test_database_url_default PASSED [ 41%]
tests/unit/test_config.py::TestSettings::test_database_url_custom PASSED [ 42%]
tests/unit/test_config.py::TestSettings::test_from_config_file PASSED    [ 42%]
tests/unit/test_config.py::TestSettings::test_get_settings_singleton PASSED [ 42%]
tests/unit/test_config.py::TestSettings::test_effective_domain_and_panel_url_with_base_domain PASSED [ 42%]
tests/unit/test_config.py::TestSettings::test_effective_domain_and_panel_url_without_base_domain PASSED [ 42%]
tests/unit/test_config.py::TestSettings::test_detect_ip_success PASSED   [ 42%]
tests/unit/test_config.py::TestSettings::test_detect_ip_exception PASSED [ 42%]
tests/unit/test_config.py::TestSettings::test_ensure_paths PASSED        [ 43%]
tests/unit/test_config.py::TestSettings::test_effective_domain_explicit PASSED [ 43%]
tests/unit/test_config.py::TestSettings::test_get_settings_none PASSED   [ 43%]
tests/unit/test_config.py::TestSettings::test_panel_url_edge_cases PASSED [ 43%]
tests/unit/test_config.py::TestSettings::test_panel_url_explicit_base_domain PASSED [ 43%]
tests/unit/test_config.py::TestSettings::test_panel_url_default PASSED   [ 43%]
tests/unit/test_config.py::TestSettings::test_save_config_file PASSED    [ 44%]
tests/unit/test_config.py::TestSettings::test_save_config_file_creates_parents PASSED [ 44%]
tests/unit/test_crypto.py::test_hash_token_known_value PASSED            [ 44%]
tests/unit/test_crypto.py::test_hash_token_empty_string PASSED           [ 44%]
tests/unit/test_crypto.py::test_hash_token_different_inputs PASSED       [ 44%]
tests/unit/test_crypto.py::test_hash_token_length PASSED                 [ 44%]
tests/unit/test_dashboard_template.py::test_stats_polling_preserves_grid_wrapper PASSED [ 44%]
tests/unit/test_deps.py::TestGetUser::test_no_cookie PASSED              [ 45%]
tests/unit/test_deps.py::TestGetUser::test_invalid_cookie PASSED         [ 45%]
tests/unit/test_deps.py::TestGetUser::test_missing_uid PASSED            [ 45%]
tests/unit/test_deps.py::TestGetUser::test_invalid_session PASSED        [ 45%]
tests/unit/test_deps.py::TestGetUser::test_valid_session PASSED          [ 45%]
tests/unit/test_deps.py::TestGetCurrentUser::test_no_cookie PASSED       [ 45%]
tests/unit/test_deps.py::TestGetCurrentUser::test_invalid_cookie PASSED  [ 46%]
tests/unit/test_deps.py::TestGetCurrentUser::test_missing_uid PASSED     [ 46%]
tests/unit/test_deps.py::TestGetCurrentUser::test_invalid_session PASSED [ 46%]
tests/unit/test_deps.py::TestGetCurrentUser::test_valid_session PASSED   [ 46%]
tests/unit/test_deps.py::TestGetAdmin::test_not_logged_in PASSED         [ 46%]
tests/unit/test_deps.py::TestGetAdmin::test_logged_in_not_admin PASSED   [ 46%]
tests/unit/test_deps.py::TestGetAdmin::test_logged_in_is_admin PASSED    [ 46%]
tests/unit/test_docker_ops.py::test_containers_count PASSED              [ 47%]
tests/unit/test_docker_ops.py::test_containers_count_oserror PASSED      [ 47%]
tests/unit/test_docker_ops.py::test_run_compose_command_up_success PASSED [ 47%]
tests/unit/test_docker_ops.py::test_run_compose_command_up_failure PASSED [ 47%]
tests/unit/test_docker_ops.py::test_run_compose_command_down_success PASSED [ 47%]
tests/unit/test_docker_ops.py::test_run_compose_command_restart_success PASSED [ 47%]
tests/unit/test_docker_ops.py::test_compose_ps PASSED                    [ 48%]
tests/unit/test_docker_ops.py::test_compose_ps_invalid_json PASSED       [ 48%]
tests/unit/test_docker_ops.py::test_compose_logs PASSED                  [ 48%]
tests/unit/test_docker_ops.py::test_ps_all PASSED                        [ 48%]
tests/unit/test_docker_ops.py::test_container_stop PASSED                [ 48%]
tests/unit/test_docker_ops.py::test_container_start PASSED               [ 48%]
tests/unit/test_docker_ops.py::test_container_stats PASSED               [ 48%]
tests/unit/test_docker_ops.py::test_container_logs_live PASSED           [ 49%]
tests/unit/test_docker_ops.py::test_exec_command_no_env PASSED           [ 49%]
tests/unit/test_docker_ops.py::test_exec_command_with_env PASSED         [ 49%]
tests/unit/test_docker_ops_edge.py::test_run_compose_command_oserror PASSED [ 49%]
tests/unit/test_docker_ops_edge.py::test_compose_ps_oserror PASSED       [ 49%]
tests/unit/test_docker_ops_edge.py::test_compose_logs_oserror PASSED     [ 49%]
tests/unit/test_docker_ops_edge.py::test_ps_all_oserror PASSED           [ 50%]
tests/unit/test_docker_ops_edge.py::test_container_stop_oserror PASSED   [ 50%]
tests/unit/test_docker_ops_edge.py::test_container_start_oserror PASSED  [ 50%]
tests/unit/test_docker_ops_edge.py::test_container_stats_oserror PASSED  [ 50%]
tests/unit/test_docker_ops_edge.py::test_container_logs_live_oserror PASSED [ 50%]
tests/unit/test_file_manager.py::test_path_validation PASSED             [ 50%]
tests/unit/test_file_manager.py::test_unauthenticated_access PASSED      [ 50%]
tests/unit/test_file_manager.py::test_file_manager_page PASSED           [ 51%]
tests/unit/test_file_manager.py::test_system_terminal_page PASSED        [ 51%]
tests/unit/test_file_manager.py::test_list_files PASSED                  [ 51%]
tests/unit/test_file_manager.py::test_file_crud_operations PASSED        [ 51%]
tests/unit/test_file_manager.py::test_create_directory_and_upload PASSED [ 51%]
tests/unit/test_file_manager.py::test_websocket_terminal_unauthorized PASSED [ 51%]
tests/unit/test_file_manager.py::test_websocket_terminal_authorized PASSED [ 51%]
tests/unit/test_health.py::test_check_post_update_success PASSED         [ 52%]
tests/unit/test_health.py::test_check_post_update_failure_then_success PASSED [ 52%]
tests/unit/test_health.py::test_check_post_update_timeout PASSED         [ 52%]
tests/unit/test_health.py::test_docker_health_monitor_loop PASSED        [ 52%]
tests/unit/test_health.py::test_docker_health_monitor_loop_exception PASSED [ 52%]
tests/unit/test_ipban.py::TestIPBanModel::test_create_ban PASSED         [ 52%]
tests/unit/test_ipban.py::TestIPBanModel::test_ban_expiry PASSED         [ 53%]
tests/unit/test_ipban.py::TestLoginAttemptModel::test_create_attempt PASSED [ 53%]
tests/unit/test_ipban.py::TestLoginAttemptModel::test_multiple_attempts PASSED [ 53%]
tests/unit/test_ipban.py::TestIPBanLogic::test_is_ip_banned_false PASSED [ 53%]
tests/unit/test_ipban.py::TestIPBanLogic::test_is_ip_banned_true PASSED  [ 53%]
tests/unit/test_ipban.py::TestIPBanLogic::test_record_login_failure_triggers_ban PASSED [ 53%]
tests/unit/test_ipban.py::TestIPBanLogic::test_successful_login_no_ban PASSED [ 53%]
tests/unit/test_ipban.py::TestIPBanLogic::test_unban_ip PASSED           [ 54%]
tests/unit/test_ipban.py::TestIPBanLogic::test_get_banned_ips PASSED     [ 54%]
tests/unit/test_ipban.py::TestSecurityApp::test_security_routes_registered PASSED [ 54%]
tests/unit/test_ipban.py::TestSecurityApp::test_security_overview_degrades_when_db_panels_fail PASSED [ 54%]
tests/unit/test_ipban.py::test_ban_ip_adds_record PASSED                 [ 54%]
tests/unit/test_ipban.py::test_ban_ip_duplicate_rejected PASSED          [ 54%]
tests/unit/test_ipban.py::test_ban_ip_no_expiry PASSED                   [ 55%]
tests/unit/test_ipban.py::TestSystemApp::test_system_routes_registered PASSED [ 55%]
tests/unit/test_ipban.py::test_ban_ips_bulk PASSED                       [ 55%]
tests/unit/test_limiter.py::test_ratelimiter_initialization PASSED       [ 55%]
tests/unit/test_limiter.py::test_ratelimiter_is_allowed_happy_path PASSED [ 55%]
tests/unit/test_limiter.py::test_ratelimiter_is_allowed_exceeds_limit PASSED [ 55%]
tests/unit/test_limiter.py::test_ratelimiter_window_expiration PASSED    [ 55%]
tests/unit/test_limiter.py::test_ratelimiter_multi_key_isolation PASSED  [ 56%]
tests/unit/test_limiter.py::test_ratelimiter_cleanup_removes_empty_keys PASSED [ 56%]
tests/unit/test_logs.py::test_read_log_valid_file PASSED                 [ 56%]
tests/unit/test_logs.py::test_read_log_invalid_file PASSED               [ 56%]
tests/unit/test_logs.py::test_read_log_tail PASSED                       [ 56%]
tests/unit/test_logs.py::test_read_journal_async_direct_success PASSED   [ 56%]
tests/unit/test_logs.py::test_read_journal_async_fallback_success PASSED [ 57%]
tests/unit/test_logs.py::test_read_journal_async_failure PASSED          [ 57%]
tests/unit/test_logs.py::test_journal_partial PASSED                     [ 57%]
tests/unit/test_logs.py::test_applog_partial PASSED                      [ 57%]
tests/unit/test_logs.py::test_journal_partial_integration PASSED         [ 57%]
tests/unit/test_logs.py::test_applog_partial_integration PASSED          [ 57%]
tests/unit/test_malware_scanner.py::test_check_docker_clamav_success PASSED [ 57%]
tests/unit/test_malware_scanner.py::test_check_docker_clamav_fail PASSED [ 58%]
tests/unit/test_malware_scanner.py::test_pull_clamav PASSED              [ 58%]
tests/unit/test_malware_scanner.py::test_update_definitions_success PASSED [ 58%]
tests/unit/test_malware_scanner.py::test_update_definitions_timeout PASSED [ 58%]
tests/unit/test_malware_scanner.py::test_scan_with_clamav PASSED         [ 58%]
tests/unit/test_malware_scanner.py::test_scan_with_clamav_timeout PASSED [ 58%]
tests/unit/test_malware_scanner.py::test_scan_patterns_not_found PASSED  [ 59%]
tests/unit/test_malware_scanner.py::test_scan_patterns_clean PASSED      [ 59%]
tests/unit/test_malware_scanner.py::test_scan_patterns_infected PASSED   [ 59%]
tests/unit/test_malware_scanner.py::test_extract_volumes PASSED          [ 59%]
tests/unit/test_malware_scanner.py::test_scan_app_not_found PASSED       [ 59%]
tests/unit/test_malware_scanner.py::test_scan_app PASSED                 [ 59%]
tests/unit/test_malware_scanner.py::test_scan_all PASSED                 [ 59%]
tests/unit/test_malware_scanner.py::test_scan_all_no_dir PASSED          [ 60%]
tests/unit/test_malware_scanner.py::test_scan_path PASSED                [ 60%]
tests/unit/test_malware_scanner.py::test_get_clamav_version PASSED       [ 60%]
tests/unit/test_malware_scanner.py::test_scan_patterns_exceptions PASSED [ 60%]
tests/unit/test_malware_scanner.py::test_extract_volumes_exception PASSED [ 60%]
tests/unit/test_malware_scanner.py::test_scan_path_skip_non_dir PASSED   [ 60%]
tests/unit/test_malware_scanner.py::test_get_host_memory_gb PASSED       [ 61%]
tests/unit/test_malware_scanner.py::test_clamav_daemon_scanner_scan PASSED [ 61%]
tests/unit/test_malware_scanner.py::test_scan_patterns_exclusions PASSED [ 61%]
tests/unit/test_migrations.py::test_init_db_creates_is_main_domain_column PASSED [ 61%]
tests/unit/test_models.py::TestModels::test_create_tables PASSED         [ 61%]
tests/unit/test_models.py::TestModels::test_audit_log PASSED             [ 61%]
tests/unit/test_models.py::TestModels::test_subdomain_relationships PASSED [ 61%]
tests/unit/test_notifier.py::TestSendTelegram::test_send_telegram_no_config PASSED [ 62%]
tests/unit/test_notifier.py::TestSendTelegram::test_send_telegram_success PASSED [ 62%]
tests/unit/test_notifier.py::TestSendTelegram::test_send_telegram_http_error PASSED [ 62%]
tests/unit/test_notifier.py::TestSendTelegram::test_send_telegram_exception PASSED [ 62%]
tests/unit/test_notifier.py::TestNotifyFunctions::test_notify_app_backup PASSED [ 62%]
tests/unit/test_notifier.py::TestNotifyFunctions::test_notify_app_update PASSED [ 62%]
tests/unit/test_notifier.py::TestNotifyFunctions::test_notify_app_deploy PASSED [ 62%]
tests/unit/test_notifier.py::TestNotifyFunctions::test_notify_app_delete PASSED [ 63%]
tests/unit/test_notifier.py::TestNotifyFunctions::test_notify_login_failed PASSED [ 63%]
tests/unit/test_notifier.py::TestNotifyFunctions::test_notify_login_success PASSED [ 63%]
tests/unit/test_notifier.py::TestNotifyFunctions::test_notify_ssl_expiring PASSED [ 63%]
tests/unit/test_notifier.py::TestNotifyFunctions::test_notify_ssl_expiring_truncates PASSED [ 63%]
tests/unit/test_notifier.py::TestNotifyFunctions::test_notify_system_alarm PASSED [ 63%]
tests/unit/test_notifier.py::TestNotifyFunctions::test_notify_test PASSED [ 64%]
tests/unit/test_rate_limits.py::test_setup_2fa_rate_limit PASSED         [ 64%]
tests/unit/test_rate_limits.py::test_settings_update_rate_limit PASSED   [ 64%]
tests/unit/test_rate_limits.py::test_file_save_rate_limit PASSED         [ 64%]
tests/unit/test_render.py::test_get_templates PASSED                     [ 64%]
tests/unit/test_render.py::test_render PASSED                            [ 64%]
tests/unit/test_render.py::test_render_template_not_found PASSED         [ 64%]
tests/unit/test_render.py::test_render_no_context PASSED                 [ 65%]
tests/unit/test_repo_detector.py::test_detect_wordpress_by_config PASSED [ 65%]
tests/unit/test_repo_detector.py::test_detect_wordpress_by_dir PASSED    [ 65%]
tests/unit/test_repo_detector.py::test_detect_nextjs PASSED              [ 65%]
tests/unit/test_repo_detector.py::test_detect_nextjs_mjs PASSED          [ 65%]
tests/unit/test_repo_detector.py::test_detect_nodejs PASSED              [ 65%]
tests/unit/test_repo_detector.py::test_detect_python_fastapi PASSED      [ 66%]
tests/unit/test_repo_detector.py::test_detect_python_flask PASSED        [ 66%]
tests/unit/test_repo_detector.py::test_detect_python_generic PASSED      [ 66%]
tests/unit/test_repo_detector.py::test_detect_python_pyproject PASSED    [ 66%]
tests/unit/test_repo_detector.py::test_detect_static_site PASSED         [ 66%]
tests/unit/test_repo_detector.py::test_detect_dockerfile PASSED          [ 66%]
tests/unit/test_repo_detector.py::test_detect_unknown PASSED             [ 66%]
tests/unit/test_repo_detector.py::test_detect_empty_repo PASSED          [ 67%]
tests/unit/test_repo_detector.py::test_detect_ghost PASSED               [ 67%]
tests/unit/test_repo_detector.py::test_detect_ghost_by_dir PASSED        [ 67%]
tests/unit/test_repo_detector_edge.py::test_clone_repo_timeout PASSED    [ 67%]
tests/unit/test_repo_detector_edge.py::test_clone_repo_oserror PASSED    [ 67%]
tests/unit/test_repo_detector_edge.py::test_clone_repo_nonzero_exit PASSED [ 67%]
tests/unit/test_repo_detector_edge.py::test_cleanup_exception PASSED     [ 68%]
tests/unit/test_security_core.py::test_run_cmd_success PASSED            [ 68%]
tests/unit/test_security_core.py::test_run_cmd_stderr_fallback PASSED    [ 68%]
tests/unit/test_security_core.py::test_run_cmd_exception PASSED          [ 68%]
tests/unit/test_security_core.py::test_firewall_status_active PASSED     [ 68%]
tests/unit/test_security_core.py::test_firewall_status_inactive PASSED   [ 68%]
tests/unit/test_security_core.py::test_firewall_status_not_found PASSED  [ 68%]
tests/unit/test_security_core.py::test_fail2ban_status_active PASSED     [ 69%]
tests/unit/test_security_core.py::test_fail2ban_status_not_found PASSED  [ 69%]
tests/unit/test_security_core.py::test_fail2ban_status_no_jails PASSED   [ 69%]
tests/unit/test_security_core.py::test_fail2ban_status_sudo_required PASSED [ 69%]
tests/unit/test_security_core.py::test_ensure_fail2ban_jails PASSED      [ 69%]
tests/unit/test_security_core.py::test_ban_ip_address PASSED             [ 69%]
tests/unit/test_security_core.py::test_ban_ip_address_ufw_fails PASSED   [ 70%]
tests/unit/test_security_core.py::test_unban_ip_address PASSED           [ 70%]
tests/unit/test_security_core.py::test_run_cmd_sudo_with_password PASSED [ 70%]
tests/unit/test_security_core.py::test_run_cmd_sudo_with_password_and_existing_input PASSED [ 70%]
tests/unit/test_security_core.py::test_get_client_ip PASSED              [ 70%]
tests/unit/test_security_core.py::test_detect_ssh_port_success PASSED    [ 70%]
tests/unit/test_security_core.py::test_detect_ssh_port_permission_fallback PASSED [ 70%]
tests/unit/test_security_core.py::test_detect_ssh_port_fallback_default PASSED [ 71%]
tests/unit/test_security_core.py::test_parse_ufw_rules PASSED            [ 71%]
tests/unit/test_security_core.py::test_ufw_delete_rule_lockout PASSED    [ 71%]
tests/unit/test_security_core.py::test_ufw_lockout_protection_on_enable PASSED [ 71%]
tests/unit/test_security_core.py::test_get_jail_config PASSED            [ 71%]
tests/unit/test_security_core.py::test_save_jail_config_success PASSED   [ 71%]
tests/unit/test_security_core.py::test_save_jail_config_validation PASSED [ 72%]
tests/unit/test_security_core.py::test_parse_lynis_report PASSED         [ 72%]
tests/unit/test_security_core.py::test_run_lynis_audit_success PASSED    [ 72%]
tests/unit/test_security_core.py::test_run_lynis_audit_missing_install_success PASSED [ 72%]
tests/unit/test_security_ddos_helpers.py::test_ensure_sudoers_success PASSED [ 72%]
tests/unit/test_security_ddos_helpers.py::test_ensure_sudoers_no_password PASSED [ 72%]
tests/unit/test_security_ddos_helpers.py::test_ensure_sudoers_with_password PASSED [ 72%]
tests/unit/test_security_ddos_helpers.py::test_ensure_sudoers_with_password_exception PASSED [ 73%]
tests/unit/test_security_ddos_helpers.py::test_iptables PASSED           [ 73%]
tests/unit/test_security_ddos_helpers.py::test_is_shield_active PASSED   [ 73%]
tests/unit/test_security_ddos_helpers.py::test_is_shield_active_inactive PASSED [ 73%]
tests/unit/test_security_ddos_helpers.py::test_enable_shield PASSED      [ 73%]
tests/unit/test_security_ddos_helpers.py::test_enable_shield_with_errors PASSED [ 73%]
tests/unit/test_security_ddos_helpers.py::test_disable_shield PASSED     [ 74%]
tests/unit/test_security_ddos_helpers.py::test_security_ddos_status_unauthorized PASSED [ 74%]
tests/unit/test_security_ddos_helpers.py::test_security_ddos_status_active PASSED [ 74%]
tests/unit/test_security_ddos_helpers.py::test_security_ddos_status_inactive PASSED [ 74%]
tests/unit/test_security_ddos_helpers.py::test_security_ddos_enable_unauthorized PASSED [ 74%]
tests/unit/test_security_ddos_helpers.py::test_security_ddos_enable_no_sudoers PASSED [ 74%]
tests/unit/test_security_ddos_helpers.py::test_security_ddos_enable_success PASSED [ 74%]
tests/unit/test_security_ddos_helpers.py::test_security_ddos_enable_with_errors PASSED [ 75%]
tests/unit/test_security_ddos_helpers.py::test_security_ddos_disable_unauthorized PASSED [ 75%]
tests/unit/test_security_ddos_helpers.py::test_security_ddos_disable_success PASSED [ 75%]
tests/unit/test_security_ddos_helpers.py::test_security_ddos_block_ip_unauthorized PASSED [ 75%]
tests/unit/test_security_ddos_helpers.py::test_security_ddos_block_ip_invalid PASSED [ 75%]
tests/unit/test_security_ddos_helpers.py::test_security_ddos_block_ip_success PASSED [ 75%]
tests/unit/test_security_ddos_helpers.py::test_security_ddos_block_ip_failure PASSED [ 75%]
tests/unit/test_security_ddos_helpers.py::test_security_ddos_unblock_ip_unauthorized PASSED [ 76%]
tests/unit/test_security_ddos_helpers.py::test_security_ddos_unblock_ip_invalid PASSED [ 76%]
tests/unit/test_security_ddos_helpers.py::test_security_ddos_unblock_ip_success PASSED [ 76%]
tests/unit/test_security_ddos_helpers.py::test_security_ddos_unblock_ip_failure PASSED [ 76%]
tests/unit/test_security_ddos_helpers.py::test_security_ddos_top_connections_unauthorized PASSED [ 76%]
tests/unit/test_security_ddos_helpers.py::test_security_ddos_top_connections_empty PASSED [ 76%]
tests/unit/test_security_ddos_helpers.py::test_security_ddos_top_connections_with_data PASSED [ 77%]
tests/unit/test_security_ddos_helpers.py::test_security_ddos_top_connections_fallback PASSED [ 77%]
tests/unit/test_security_ddos_helpers.py::test_security_protect_all_unauthorized PASSED [ 77%]
tests/unit/test_security_ddos_helpers.py::test_security_protect_all_success PASSED [ 77%]
tests/unit/test_security_ddos_helpers.py::test_security_protect_all_partial_failure PASSED [ 77%]
tests/unit/test_security_ddos_helpers.py::test_security_protect_all_shield_with_errors PASSED [ 77%]
tests/unit/test_session.py::TestSession::test_get_engine PASSED          [ 77%]
tests/unit/test_session.py::TestSession::test_get_engine_singleton PASSED [ 78%]
tests/unit/test_session.py::TestSession::test_get_sessionmaker PASSED    [ 78%]
tests/unit/test_session.py::TestSession::test_get_sessionmaker_singleton PASSED [ 78%]
tests/unit/test_session.py::TestSession::test_get_db PASSED              [ 78%]
tests/unit/test_session.py::TestSession::test_init_db PASSED             [ 78%]
tests/unit/test_ssl.py::test_sanitize_removes_dangerous_characters PASSED [ 78%]
tests/unit/test_ssl.py::test_generate_caddyfile_prevents_injection PASSED [ 79%]
tests/unit/test_ssl.py::test_sanitize_removes_backslashes PASSED         [ 79%]
tests/unit/test_ssl.py::test_get_acme_config PASSED                      [ 79%]
tests/unit/test_ssl.py::test_get_tls_block PASSED                        [ 79%]
tests/unit/test_ssl.py::test_ssl_generate_form_as_form PASSED            [ 79%]
tests/unit/test_ssl.py::test_generate_caddyfile_no_dns_no_acme_clause PASSED [ 79%]
tests/unit/test_ssl.py::test_check_caddy_running PASSED                  [ 79%]
tests/unit/test_ssl.py::test_check_port80 PASSED                         [ 80%]
tests/unit/test_ssl.py::test_ssl_setup_no_user PASSED                    [ 80%]
tests/unit/test_ssl.py::test_ssl_generate_no_user PASSED                 [ 80%]
tests/unit/test_ssl.py::test_ssl_renew_no_user PASSED                    [ 80%]
tests/unit/test_ssl.py::test_ssl_renew_invalid_domain PASSED             [ 80%]
tests/unit/test_ssl.py::test_ssl_renew_all_no_user PASSED                [ 80%]
tests/unit/test_ssl.py::test_ssl_setup_with_user PASSED                  [ 81%]
tests/unit/test_ssl.py::test_ssl_generate_with_user PASSED               [ 81%]
tests/unit/test_ssl.py::test_ssl_renew_with_user PASSED                  [ 81%]
tests/unit/test_ssl.py::test_ssl_renew_all_with_user PASSED              [ 81%]
tests/unit/test_ssl.py::test_ssl_renew_exception PASSED                  [ 81%]
tests/unit/test_ssl.py::test_validate_domain_empty PASSED                [ 81%]
tests/unit/test_ssl.py::test_get_acme_config_buypass PASSED              [ 81%]
tests/unit/test_ssl.py::test_get_acme_config_google PASSED               [ 82%]
tests/unit/test_ssl.py::test_get_acme_config_unknown PASSED              [ 82%]
tests/unit/test_ssl.py::test_get_acme_config_zerossl PASSED              [ 82%]
tests/unit/test_ssl.py::test_generate_caddyfile_invalid_domain PASSED    [ 82%]
tests/unit/test_ssl.py::test_generate_caddyfile_invalid_panel_sub PASSED [ 82%]
tests/unit/test_ssl.py::test_generate_caddyfile_zerossl_no_dns PASSED    [ 82%]
tests/unit/test_ssl.py::test_generate_caddyfile_acme_clause PASSED       [ 83%]
tests/unit/test_ssl.py::test_ssl_generate_invalid_domain PASSED          [ 83%]
tests/unit/test_ssl.py::test_ssl_generate_invalid_panel_sub PASSED       [ 83%]
tests/unit/test_ssl.py::test_ssl_generate_value_error PASSED             [ 83%]
tests/unit/test_ssl_generate.py::test_caddyfile_injection PASSED         [ 83%]
tests/unit/test_ssl_generate.py::test_caddyfile_injection_eab PASSED     [ 83%]
tests/unit/test_ssl_generate.py::test_sanitize PASSED                    [ 83%]
tests/unit/test_string_utils.py::test_truncate_string_short PASSED       [ 84%]
tests/unit/test_string_utils.py::test_truncate_string_exact PASSED       [ 84%]
tests/unit/test_string_utils.py::test_truncate_string_long PASSED        [ 84%]
tests/unit/test_string_utils.py::test_truncate_string_very_short_max PASSED [ 84%]
tests/unit/test_string_utils.py::test_truncate_string_empty PASSED       [ 84%]
tests/unit/test_subdomains.py::test_subdomain_add_invalid PASSED         [ 84%]
tests/unit/test_subdomains.py::test_subdomain_add_valid PASSED           [ 85%]
tests/unit/test_system.py::test_system_page PASSED                       [ 85%]
tests/unit/test_system.py::test_system_upgrade PASSED                    [ 85%]
tests/unit/test_system.py::test_system_upgrade_compile_failure PASSED    [ 85%]
tests/unit/test_system.py::test_system_upgrade_rollback_failure PASSED   [ 85%]
tests/unit/test_system.py::test_resolve_uv_bin_found PASSED              [ 85%]
tests/unit/test_system.py::test_resolve_uv_bin_fallback_found PASSED     [ 85%]
tests/unit/test_system.py::test_resolve_uv_bin_not_found PASSED          [ 86%]
tests/unit/test_system_manage.py::test_run_sudo_whitelist_valid PASSED   [ 86%]
tests/unit/test_system_manage.py::test_run_sudo_whitelist_invalid PASSED [ 86%]
tests/unit/test_system_manage.py::test_run_sudo_empty PASSED             [ 86%]
tests/unit/test_system_manage.py::test_system_manage_get PASSED          [ 86%]
tests/unit/test_system_manage.py::test_system_manage_get_unauthorized PASSED [ 86%]
tests/unit/test_system_manage.py::test_system_manage_action_xss PASSED   [ 87%]
tests/unit/test_system_manage.py::test_system_manage_action_df PASSED    [ 87%]
tests/unit/test_system_manage.py::test_system_manage_action_reboot PASSED [ 87%]
tests/unit/test_system_manage.py::test_system_manage_action_invalid PASSED [ 87%]
tests/unit/test_system_manage.py::test_system_manage_action_unauthorized PASSED [ 87%]
tests/unit/test_system_manage.py::test_system_manage_action_no_sudo_password PASSED [ 87%]
tests/unit/test_system_manage.py::test_system_manage_services_no_nginx PASSED [ 87%]
tests/unit/test_system_manage.py::test_resolve_cmd_safe_service_validation PASSED [ 88%]
tests/unit/test_totp.py::TestTOTP::test_generate_secret PASSED           [ 88%]
tests/unit/test_totp.py::TestTOTP::test_secrets_are_unique PASSED        [ 88%]
tests/unit/test_totp.py::TestTOTP::test_get_totp_uri PASSED              [ 88%]
tests/unit/test_totp.py::TestTOTP::test_verify_valid_code PASSED         [ 88%]
tests/unit/test_totp.py::TestTOTP::test_verify_invalid_code PASSED       [ 88%]
tests/unit/test_updater.py::test_check_for_updates_new_version PASSED    [ 88%]
tests/unit/test_updater.py::test_check_for_updates_up_to_date PASSED     [ 89%]
tests/unit/test_updater.py::test_check_for_updates_fetch_fails PASSED    [ 89%]
tests/unit/test_updater.py::test_check_for_updates_no_remote_sha PASSED  [ 89%]
tests/unit/test_updater.py::test_check_for_updates_exception PASSED      [ 89%]
tests/unit/test_updater.py::test_apply_update_success PASSED             [ 89%]
tests/unit/test_updater.py::test_apply_update_failure PASSED             [ 89%]
tests/unit/test_updater.py::test_rollback_success PASSED                 [ 90%]
tests/unit/test_updater.py::test_rollback_git_fails PASSED               [ 90%]
tests/unit/test_updater.py::test_healthcheck_success PASSED              [ 90%]
tests/unit/test_updater.py::test_healthcheck_failure PASSED              [ 90%]
tests/unit/test_updater.py::test_run_cmd_success PASSED                  [ 90%]
tests/unit/test_updater.py::test_run_cmd_timeout PASSED                  [ 90%]
tests/unit/test_updater.py::test_run_cmd_exception PASSED                [ 90%]
tests/unit/test_web_routes.py::TestUnauthenticated::test_login_page PASSED [ 91%]
tests/unit/test_web_routes.py::TestUnauthenticated::test_dashboard_redirects_to_login PASSED [ 91%]
tests/unit/test_web_routes.py::TestUnauthenticated::test_subdomains_redirects_to_login PASSED [ 91%]
tests/unit/test_web_routes.py::TestUnauthenticated::test_apps_redirects_to_login PASSED [ 91%]
tests/unit/test_web_routes.py::TestUnauthenticated::test_containers_redirects_to_login PASSED [ 91%]
tests/unit/test_web_routes.py::TestUnauthenticated::test_container_restart_redirects_to_login PASSED [ 91%]
tests/unit/test_web_routes.py::TestUnauthenticated::test_ssl_redirects_to_login PASSED [ 92%]
tests/unit/test_web_routes.py::TestUnauthenticated::test_security_redirects_to_login PASSED [ 92%]
tests/unit/test_web_routes.py::TestUnauthenticated::test_system_redirects_to_login PASSED [ 92%]
tests/unit/test_web_routes.py::TestUnauthenticated::test_settings_redirects_to_login PASSED [ 92%]
tests/unit/test_web_routes.py::TestSecurityHeaders::test_app_detail_main_domain_display PASSED [ 92%]
tests/unit/test_web_routes.py::TestSecurityHeaders::test_security_headers_on_login PASSED [ 92%]
tests/unit/test_web_routes.py::TestSecurityHeaders::test_health_no_cookie_required PASSED [ 92%]
tests/unit/test_web_routes.py::TestSetup2FA::test_redirects_when_not_logged_in PASSED [ 93%]
tests/unit/test_web_routes.py::TestDebugRoute::test_debug_redirects_to_login PASSED [ 93%]
tests/unit/test_web_routes.py::TestDebugRoute::test_debug_raw_unauthorized PASSED [ 93%]
tests/unit/test_web_routes.py::TestDebugRoute::test_debug_page_authenticated PASSED [ 93%]
tests/unit/test_web_routes.py::TestDebugRoute::test_debug_raw_authenticated PASSED [ 93%]
tests/unit/test_web_routes.py::TestRunHelper::test_run_with_cwd PASSED   [ 93%]
tests/unit/test_web_routes.py::TestSecurityRoutes::test_abuseipdb_check_parameter_injection PASSED [ 94%]
tests/unit/test_web_routes.py::TestSecurityRoutes::test_abuseipdb_check_crlf_mitigation PASSED [ 94%]
tests/unit/test_web_routes.py::TestSecurityRoutes::test_security_overview_authenticated PASSED [ 94%]
tests/unit/test_web_routes.py::TestContainerRestart::test_container_restart_authenticated_not_found PASSED [ 94%]
tests/unit/test_web_routes.py::TestContainerRestart::test_container_restart_authenticated_success PASSED [ 94%]
tests/unit/test_web_routes.py::TestMainDomain::test_deploy_creates_subdomain_and_route PASSED [ 94%]
tests/unit/test_web_routes.py::TestMainDomain::test_deploy_twice_rejected PASSED [ 94%]
tests/unit/test_web_routes.py::TestMainDomain::test_main_domain_delete_calls_remove_main_domain PASSED [ 95%]
tests/unit/test_web_routes.py::TestContainersRoute::test_containers_list_authenticated_with_data PASSED [ 95%]
tests/unit/test_web_routes.py::TestContainersRoute::test_containers_list_unauthenticated PASSED [ 95%]
tests/unit/test_web_routes.py::TestSubdomainFiltering::test_subdomains_list_excludes_main_domain PASSED [ 95%]
tests/unit/test_web_routes.py::TestSubdomainFiltering::test_subdomain_edit_blocks_main_domain PASSED [ 95%]
tests/unit/test_web_routes.py::TestSubdomainFiltering::test_subdomain_delete_blocks_main_domain PASSED [ 95%]
tests/unit/test_web_routes.py::TestSubdomainFiltering::test_run_success PASSED [ 96%]
tests/unit/test_web_routes.py::TestSubdomainFiltering::test_run_empty_output PASSED [ 96%]
tests/unit/test_web_routes.py::TestSubdomainFiltering::test_run_exception PASSED [ 96%]
tests/unit/test_web_routes.py::TestSubdomainFiltering::test_file_checksum_success PASSED [ 96%]
tests/unit/test_web_routes.py::TestSubdomainFiltering::test_file_checksum_exception PASSED [ 96%]
tests/unit/test_web_routes.py::TestAppStatusRoute::test_status_redirects_unauthenticated PASSED [ 96%]
tests/unit/test_web_routes.py::TestAppStatusRoute::test_status_authenticated_active PASSED [ 96%]
tests/unit/test_web_routes.py::TestAbuseIPDBCRLF::test_abuseipdb_blacklist_crlf_mitigation PASSED [ 97%]
tests/unit/test_wp_proxy.py::test_read_env PASSED                        [ 97%]
tests/unit/test_wp_proxy.py::test_read_env_missing PASSED                [ 97%]
tests/unit/test_wp_proxy.py::test_rewrite_urls_html PASSED               [ 97%]
tests/unit/test_wp_proxy.py::test_rewrite_urls_no_match PASSED           [ 97%]
tests/unit/test_wp_proxy.py::test_rewrite_content_html PASSED            [ 97%]
tests/unit/test_wp_proxy.py::test_rewrite_content_css PASSED             [ 98%]
tests/unit/test_wp_proxy.py::test_rewrite_content_json PASSED            [ 98%]
tests/unit/test_wp_proxy.py::test_rewrite_content_binary PASSED          [ 98%]
tests/unit/test_wp_proxy.py::test_fix_cookie_path_root PASSED            [ 98%]
tests/unit/test_wp_proxy.py::test_fix_cookie_path_wpadmin PASSED         [ 98%]
tests/unit/test_wp_proxy.py::test_fix_cookie_path_multi PASSED           [ 98%]
tests/unit/test_wp_proxy.py::test_fix_location_root_relative PASSED      [ 98%]
tests/unit/test_wp_proxy.py::test_fix_location_already_prefixed PASSED   [ 99%]
tests/unit/test_wp_proxy.py::test_fix_location_absolute PASSED           [ 99%]
tests/unit/test_wp_proxy.py::test_auto_login_returns_none_on_missing_password PASSED [ 99%]
tests/unit/test_wp_proxy.py::test_auto_login_subprocess_fails PASSED     [ 99%]
tests/unit/test_wp_proxy.py::test_auto_login_returns_none_on_no_cookies PASSED [ 99%]
tests/unit/test_wp_proxy.py::test_auto_login_php_code_uses_arrow_syntax PASSED [ 99%]
tests/unit/test_wp_proxy.py::test_auto_login_success PASSED              [100%]

=============================== warnings summary ===============================
.venv/lib/python3.12/site-packages/fastapi/testclient.py:1
  /app/.venv/lib/python3.12/site-packages/fastapi/testclient.py:1: StarletteDeprecationWarning: Using `httpx` with `starlette.testclient` is deprecated; install `httpx2` instead.
    from starlette.testclient import TestClient as TestClient  # noqa

tests/unit/routes/test_auth_routes.py::TestLoginPage::test_login_page_redirects_if_authenticated
tests/unit/routes/test_auth_routes.py::TestLogout::test_logout_with_invalid_cookie
tests/unit/routes/test_auth_routes.py::TestLogout::test_logout_with_valid_session
tests/unit/routes/test_auth_routes.py::TestSetup2FA::test_setup_2fa_authenticated
tests/unit/routes/test_auth_routes.py::TestSetup2FA::test_setup_2fa_enable_invalid_code
tests/unit/routes/test_auth_routes.py::TestSetup2FA::test_setup_2fa_enable_success
  /app/.venv/lib/python3.12/site-packages/starlette/testclient.py:454: DeprecationWarning: Setting per-request cookies=<...> is being deprecated, because the expected behaviour on cookie persistence is ambiguous. Set cookies directly on the client instance instead.
    return super().request(

tests/unit/routes/test_security_route.py::test_security_firewall_enable
  /app/.venv/lib/python3.12/site-packages/_pytest/threadexception.py:58: PytestUnhandledThreadExceptionWarning: Exception in thread Thread-121 (_connection_worker_thread)

  Traceback (most recent call last):
    File "/app/.venv/lib/python3.12/site-packages/aiosqlite/core.py", line 66, in _connection_worker_thread
      future.get_loop().call_soon_threadsafe(set_result, future, result)
    File "/home/jules/.pyenv/versions/3.12.13/lib/python3.12/asyncio/base_events.py", line 844, in call_soon_threadsafe
      self._check_closed()
    File "/home/jules/.pyenv/versions/3.12.13/lib/python3.12/asyncio/base_events.py", line 545, in _check_closed
      raise RuntimeError('Event loop is closed')
  RuntimeError: Event loop is closed

  During handling of the above exception, another exception occurred:

  Traceback (most recent call last):
    File "/home/jules/.pyenv/versions/3.12.13/lib/python3.12/threading.py", line 1075, in _bootstrap_inner
      self.run()
    File "/home/jules/.pyenv/versions/3.12.13/lib/python3.12/threading.py", line 1012, in run
      self._target(*self._args, **self._kwargs)
    File "/app/.venv/lib/python3.12/site-packages/aiosqlite/core.py", line 75, in _connection_worker_thread
      future.get_loop().call_soon_threadsafe(set_exception, future, e)
    File "/home/jules/.pyenv/versions/3.12.13/lib/python3.12/asyncio/base_events.py", line 844, in call_soon_threadsafe
      self._check_closed()
    File "/home/jules/.pyenv/versions/3.12.13/lib/python3.12/asyncio/base_events.py", line 545, in _check_closed
      raise RuntimeError('Event loop is closed')
  RuntimeError: Event loop is closed

  Enable tracemalloc to get traceback where the object was allocated.
  See https://docs.pytest.org/en/stable/how-to/capture-warnings.html#resource-warnings for more info.
    warnings.warn(pytest.PytestUnhandledThreadExceptionWarning(msg))

tests/unit/routes/test_security_route.py::test_security_firewall_enable
  /app/.venv/lib/python3.12/site-packages/_pytest/threadexception.py:58: PytestUnhandledThreadExceptionWarning: Exception in thread Thread-120 (_connection_worker_thread)

  Traceback (most recent call last):
    File "/app/.venv/lib/python3.12/site-packages/aiosqlite/core.py", line 66, in _connection_worker_thread
      future.get_loop().call_soon_threadsafe(set_result, future, result)
    File "/home/jules/.pyenv/versions/3.12.13/lib/python3.12/asyncio/base_events.py", line 844, in call_soon_threadsafe
      self._check_closed()
    File "/home/jules/.pyenv/versions/3.12.13/lib/python3.12/asyncio/base_events.py", line 545, in _check_closed
      raise RuntimeError('Event loop is closed')
  RuntimeError: Event loop is closed

  During handling of the above exception, another exception occurred:

  Traceback (most recent call last):
    File "/home/jules/.pyenv/versions/3.12.13/lib/python3.12/threading.py", line 1075, in _bootstrap_inner
      self.run()
    File "/home/jules/.pyenv/versions/3.12.13/lib/python3.12/threading.py", line 1012, in run
      self._target(*self._args, **self._kwargs)
    File "/app/.venv/lib/python3.12/site-packages/aiosqlite/core.py", line 75, in _connection_worker_thread
      future.get_loop().call_soon_threadsafe(set_exception, future, e)
    File "/home/jules/.pyenv/versions/3.12.13/lib/python3.12/asyncio/base_events.py", line 844, in call_soon_threadsafe
      self._check_closed()
    File "/home/jules/.pyenv/versions/3.12.13/lib/python3.12/asyncio/base_events.py", line 545, in _check_closed
      raise RuntimeError('Event loop is closed')
  RuntimeError: Event loop is closed

  Enable tracemalloc to get traceback where the object was allocated.
  See https://docs.pytest.org/en/stable/how-to/capture-warnings.html#resource-warnings for more info.
    warnings.warn(pytest.PytestUnhandledThreadExceptionWarning(msg))

tests/unit/test_bug_analyzer.py::test_classify_log_line_ignores_static_resource_noise
  /app/.venv/lib/python3.12/site-packages/_pytest/threadexception.py:58: PytestUnhandledThreadExceptionWarning: Exception in thread Thread-177 (_connection_worker_thread)

  Traceback (most recent call last):
    File "/app/.venv/lib/python3.12/site-packages/aiosqlite/core.py", line 66, in _connection_worker_thread
      future.get_loop().call_soon_threadsafe(set_result, future, result)
    File "/home/jules/.pyenv/versions/3.12.13/lib/python3.12/asyncio/base_events.py", line 844, in call_soon_threadsafe
      self._check_closed()
    File "/home/jules/.pyenv/versions/3.12.13/lib/python3.12/asyncio/base_events.py", line 545, in _check_closed
      raise RuntimeError('Event loop is closed')
  RuntimeError: Event loop is closed

  During handling of the above exception, another exception occurred:

  Traceback (most recent call last):
    File "/home/jules/.pyenv/versions/3.12.13/lib/python3.12/threading.py", line 1075, in _bootstrap_inner
      self.run()
    File "/home/jules/.pyenv/versions/3.12.13/lib/python3.12/threading.py", line 1012, in run
      self._target(*self._args, **self._kwargs)
    File "/app/.venv/lib/python3.12/site-packages/aiosqlite/core.py", line 75, in _connection_worker_thread
      future.get_loop().call_soon_threadsafe(set_exception, future, e)
    File "/home/jules/.pyenv/versions/3.12.13/lib/python3.12/asyncio/base_events.py", line 844, in call_soon_threadsafe
      self._check_closed()
    File "/home/jules/.pyenv/versions/3.12.13/lib/python3.12/asyncio/base_events.py", line 545, in _check_closed
      raise RuntimeError('Event loop is closed')
  RuntimeError: Event loop is closed

  Enable tracemalloc to get traceback where the object was allocated.
  See https://docs.pytest.org/en/stable/how-to/capture-warnings.html#resource-warnings for more info.
    warnings.warn(pytest.PytestUnhandledThreadExceptionWarning(msg))

tests/unit/test_ipban.py::TestSecurityApp::test_security_routes_registered
tests/unit/test_ipban.py::TestSystemApp::test_system_routes_registered
  /app/.venv/lib/python3.12/site-packages/fastapi/openapi/utils.py:252: UserWarning: Duplicate Operation ID app_proxy_service_apps__sd_id__proxy__service_name__post for function app_proxy_service at /app/src/pit_panel/web/routes/app_routes/wordpress.py
    warnings.warn(message, stacklevel=1)

tests/unit/test_ipban.py::TestSecurityApp::test_security_routes_registered
tests/unit/test_ipban.py::TestSystemApp::test_system_routes_registered
  /app/.venv/lib/python3.12/site-packages/fastapi/openapi/utils.py:252: UserWarning: Duplicate Operation ID app_wp_proxy_apps__sd_id__wp__path__post for function app_wp_proxy at /app/src/pit_panel/web/routes/app_routes/wordpress.py
    warnings.warn(message, stacklevel=1)

tests/unit/test_logs.py::test_read_journal_async_fallback_success
  /app/.venv/lib/python3.12/site-packages/_pytest/threadexception.py:58: PytestUnhandledThreadExceptionWarning: Exception in thread Thread-222 (_connection_worker_thread)

  Traceback (most recent call last):
    File "/app/.venv/lib/python3.12/site-packages/aiosqlite/core.py", line 66, in _connection_worker_thread
      future.get_loop().call_soon_threadsafe(set_result, future, result)
    File "/home/jules/.pyenv/versions/3.12.13/lib/python3.12/asyncio/base_events.py", line 844, in call_soon_threadsafe
      self._check_closed()
    File "/home/jules/.pyenv/versions/3.12.13/lib/python3.12/asyncio/base_events.py", line 545, in _check_closed
      raise RuntimeError('Event loop is closed')
  RuntimeError: Event loop is closed

  During handling of the above exception, another exception occurred:

  Traceback (most recent call last):
    File "/home/jules/.pyenv/versions/3.12.13/lib/python3.12/threading.py", line 1075, in _bootstrap_inner
      self.run()
    File "/home/jules/.pyenv/versions/3.12.13/lib/python3.12/threading.py", line 1012, in run
      self._target(*self._args, **self._kwargs)
    File "/app/.venv/lib/python3.12/site-packages/aiosqlite/core.py", line 75, in _connection_worker_thread
      future.get_loop().call_soon_threadsafe(set_exception, future, e)
    File "/home/jules/.pyenv/versions/3.12.13/lib/python3.12/asyncio/base_events.py", line 844, in call_soon_threadsafe
      self._check_closed()
    File "/home/jules/.pyenv/versions/3.12.13/lib/python3.12/asyncio/base_events.py", line 545, in _check_closed
      raise RuntimeError('Event loop is closed')
  RuntimeError: Event loop is closed

  Enable tracemalloc to get traceback where the object was allocated.
  See https://docs.pytest.org/en/stable/how-to/capture-warnings.html#resource-warnings for more info.
    warnings.warn(pytest.PytestUnhandledThreadExceptionWarning(msg))

-- Docs: https://docs.pytest.org/en/stable/how-to/capture-warnings.html
================================ tests coverage ================================
_______________ coverage: platform linux, python 3.12.13-final-0 _______________

Name                                               Stmts   Miss  Cover   Missing
--------------------------------------------------------------------------------
src/pit_panel/__init__.py                              0      0   100%
src/pit_panel/__main__.py                              2      2     0%   1-3
src/pit_panel/cli/__init__.py                          0      0   100%
src/pit_panel/cli/admin.py                            61      1    98%   93
src/pit_panel/config.py                               84      0   100%
src/pit_panel/core/__init__.py                         0      0   100%
src/pit_panel/core/app_manager.py                     99     16    84%   51-57, 75, 78-79, 87, 92, 95, 100-101, 117
src/pit_panel/core/backup.py                         133      6    95%   39, 62-63, 139, 174-175
src/pit_panel/core/blocklist.py                       47      0   100%
src/pit_panel/core/caddy.py                          192     48    75%   18-37, 41, 51-57, 60-61, 64-80, 85-96, 150, 154, 161-162, 220-227, 229, 233-236, 268-269
src/pit_panel/core/docker_ops.py                     126     18    86%   75-76, 164-185, 248-249
src/pit_panel/core/health.py                          43      1    98%   55
src/pit_panel/core/notifier.py                        44      0   100%
src/pit_panel/core/repo_detector.py                   74      8    89%   22-26, 33, 35, 57, 79
src/pit_panel/core/security.py                       269     43    84%   21, 34, 115, 118-120, 139, 148-150, 161-162, 236-246, 250-251, 286-287, 314, 317-318, 322, 336, 383, 397-400, 414-419
src/pit_panel/core/string_utils.py                     6      0   100%
src/pit_panel/core/subdomain.py                        0      0   100%
src/pit_panel/core/sudo_ops.py                        74     12    84%   60-64, 66, 128-132, 135
src/pit_panel/core/updater.py                         54      0   100%
src/pit_panel/core/wp_proxy.py                       111     42    62%   133-135, 160-167, 175-225
src/pit_panel/db/__init__.py                           0      0   100%
src/pit_panel/db/models.py                           108      0   100%
src/pit_panel/db/session.py                           28      0   100%
src/pit_panel/main.py                                 23     23     0%   1-73
src/pit_panel/security/__init__.py                     0      0   100%
src/pit_panel/security/bug_analyzer.py                94     35    63%   80, 90, 112-115, 129-187
src/pit_panel/security/crypto.py                      10      0   100%
src/pit_panel/security/ipban.py                       61      6    90%   29, 51-52, 73, 99, 109
src/pit_panel/security/malware_scanner.py            200     10    95%   185-186, 321-324, 337-338, 355, 374-375
src/pit_panel/security/totp.py                         9      0   100%
src/pit_panel/web/__init__.py                          0      0   100%
src/pit_panel/web/app.py                             108     12    89%   56, 59, 69, 106-118, 126, 190
src/pit_panel/web/auth.py                             49      0   100%
src/pit_panel/web/deps.py                             41      0   100%
src/pit_panel/web/limiter.py                          23      0   100%
src/pit_panel/web/render.py                           14      0   100%
src/pit_panel/web/routes/__init__.py                  15      0   100%
src/pit_panel/web/routes/app_routes/__init__.py        3      0   100%
src/pit_panel/web/routes/app_routes/main.py          397    243    39%   33-43, 47-55, 62-63, 74-76, 100-157, 215, 236-265, 272-275, 300-338, 348-354, 370, 387-388, 398-400, 404, 444, 476-478, 481-655, 671-675, 692-694, 711-725, 753-791
src/pit_panel/web/routes/app_routes/ops.py           521    245    53%   34-36, 52-54, 64-76, 109-149, 156, 182, 187, 193, 230, 248-249, 290-302, 307-329, 342, 347, 372-379, 388, 393, 398, 429-431, 440-460, 465-521, 528-530, 535, 548-552, 565-567, 572, 604-606, 629, 645-646, 660-662, 667, 678-679, 684-685, 704-705, 727-755, 766, 771-773, 785, 796-860
src/pit_panel/web/routes/app_routes/router.py          2      0   100%
src/pit_panel/web/routes/app_routes/wordpress.py     252    181    28%   28-33, 37-72, 83-96, 109-122, 135-148, 154-166, 186-187, 191-227, 233-274, 283-303, 314-372, 394-477, 497-507
src/pit_panel/web/routes/auth_routes.py              108     19    82%   52-54, 57-60, 72, 99-120, 142-143, 163
src/pit_panel/web/routes/containers.py               145     65    55%   70-81, 120-136, 161-169, 176-184, 191-202, 215-226
src/pit_panel/web/routes/dashboard.py                107     23    79%   75, 81-90, 166-208
src/pit_panel/web/routes/debug.py                     65      0   100%
src/pit_panel/web/routes/debug_api.py                404    110    73%   76-77, 238, 294, 332-334, 355-356, 393-394, 401-402, 450, 464, 506-509, 519-538, 548-555, 565-591, 601-607, 619-631, 641-663, 721-722, 727, 735-738, 742, 749-750, 768-770
src/pit_panel/web/routes/file_manager.py             391    181    54%   56, 66-67, 86-87, 96-101, 104-115, 158, 163, 167-173, 184, 187-193, 206-219, 221-227, 247-253, 266, 270-276, 300-306, 332-341, 355-389, 414-478, 489-490, 498-500, 509, 512-517, 523-524, 530-532
src/pit_panel/web/routes/logs.py                      96     20    79%   28, 69-72, 94-97, 107, 114-128, 135, 149
src/pit_panel/web/routes/security.py                 160     36    78%   114, 174, 180-181, 196-205, 216, 239-291
src/pit_panel/web/routes/security_abuseipdb.py        84      8    90%   38-40, 69-71, 78, 118
src/pit_panel/web/routes/security_blocklist.py        35      6    83%   19-21, 47, 53, 57
src/pit_panel/web/routes/security_ddos.py            167      0   100%
src/pit_panel/web/routes/security_fail2ban.py         91     45    51%   35, 55-67, 72-101, 108-132, 141, 144, 161, 164, 174-178
src/pit_panel/web/routes/security_firewall.py         63     18    71%   25, 32, 39, 44, 58, 63, 68, 73, 78-83, 91, 102, 111-113
src/pit_panel/web/routes/security_lynis.py            29      4    86%   26, 36, 44-45
src/pit_panel/web/routes/security_malware.py         133     93    30%   25-55, 64-89, 98-108, 113-126, 131-151, 156-167, 176, 201-208, 233-251
src/pit_panel/web/routes/settings.py                  76      8    89%   128-137
src/pit_panel/web/routes/ssl.py                      213      4    98%   212-215
src/pit_panel/web/routes/subdomains.py                98     49    50%   31-41, 67, 78-79, 92-132, 145, 152-182, 193, 199-217
src/pit_panel/web/routes/system.py                   150     69    54%   33-38, 48-60, 72, 96-160, 175-177, 192, 199-202, 207-209, 273-291
src/pit_panel/web/routes/system_manage.py             91      9    90%   106-116, 125, 129, 141-142
--------------------------------------------------------------------------------
TOTAL                                               6083   1719    72%
====================== 654 passed, 15 warnings in 42.00s =======================
